<?xml version="1.0" encoding="UTF-8"?>
<testng-results ignored="0" total="1" passed="1" failed="0" skipped="0">
  <reporter-output>
  </reporter-output>
  <suite started-at="2021-01-11T02:09:37 EET" name="Default suite" finished-at="2021-01-11T02:09:48 EET" duration-ms="10999">
    <groups>
    </groups>
    <test started-at="2021-01-11T02:09:37 EET" name="Default test" finished-at="2021-01-11T02:09:48 EET" duration-ms="10999">
      <class name="omdbApiTest.MovieTest">
        <test-method is-config="true" signature="init()[pri:0, instance:omdbApiTest.MovieTest@20d28811]" started-at="2021-01-11T02:09:37 EET" name="init" finished-at="2021-01-11T02:09:39 EET" duration-ms="1930" status="PASS">
          <reporter-output>
          </reporter-output>
        </test-method> <!-- init -->
        <test-method is-config="true" signature="getQueryPageSize()[pri:0, instance:omdbApiTest.MovieTest@20d28811]" started-at="2021-01-11T02:09:39 EET" name="getQueryPageSize" finished-at="2021-01-11T02:09:45 EET" duration-ms="5538" status="PASS">
          <reporter-output>
          </reporter-output>
        </test-method> <!-- getQueryPageSize -->
        <test-method signature="shouldSearchHarryPotterAndGetImdbIDWhenHarryPotterIsExist()[pri:0, instance:omdbApiTest.MovieTest@20d28811]" started-at="2021-01-11T02:09:45 EET" name="shouldSearchHarryPotterAndGetImdbIDWhenHarryPotterIsExist" finished-at="2021-01-11T02:09:48 EET" duration-ms="3457" status="PASS">
          <reporter-output>
          </reporter-output>
        </test-method> <!-- shouldSearchHarryPotterAndGetImdbIDWhenHarryPotterIsExist -->
      </class> <!-- omdbApiTest.MovieTest -->
    </test> <!-- Default test -->
  </suite> <!-- Default suite -->
</testng-results>
